Processing 13 files
Start Processing: com/Eternal_plasma/BlueBricks/Main.java
Import: com.Eternal_plasma.BlueBricks.proxy.CommonProxy
Import: com.Eternal_plasma.BlueBricks.util.Refrence
Import: com.Eternal_plasma.BlueBricks.world.ModWorldGen
Adding 7 imports
        net.minecraftforge.fml.common.Mod
        net.minecraftforge.fml.common.Mod.EventHandler
        net.minecraftforge.fml.common.SidedProxy
        net.minecraftforge.fml.common.event.FMLInitializationEvent
        net.minecraftforge.fml.common.event.FMLPostInitializationEvent
        net.minecraftforge.fml.common.event.FMLPreInitializationEvent
        net.minecraftforge.fml.common.registry.GameRegistry
End  Processing: com/Eternal_plasma/BlueBricks/Main.java

Start Processing: com/Eternal_plasma/BlueBricks/blocks/BlockBase.java
FOUND CONSTR method com/Eternal_plasma/BlueBricks/blocks/BlockBase/BlockBase (Ljava/lang/String;Lnet/minecraft/block/material/Material;)V com/Eternal_plasma/BlueBricks/blocks/BlockBase
Rename method net/minecraft/block/Block/setUnlocalizedName (Ljava/lang/String;)Lnet/minecraft/block/Block;[604,622]::setUnlocalizedName->func_149663_c
Rename method net/minecraft/block/Block/setCreativeTab (Lnet/minecraft/creativetab/CreativeTabs;)Lnet/minecraft/block/Block;[654,668]::setCreativeTab->func_149647_a
Rename field net/minecraft/creativetab/CreativeTabs/BUILDING_BLOCKS[681,696]::BUILDING_BLOCKS->field_78030_b
Rename method net/minecraft/item/Item/getItemFromBlock (Lnet/minecraft/block/Block;)Lnet/minecraft/item/Item;[941,957]::getItemFromBlock->func_150898_a
Import: com.Eternal_plasma.BlueBricks.Main
Import: com.Eternal_plasma.BlueBricks.init.ModBlocks
Import: com.Eternal_plasma.BlueBricks.init.ModItems
Import: com.Eternal_plasma.BlueBricks.util.IHasModel
Adding 5 imports
        net.minecraft.block.Block
        net.minecraft.block.material.Material
        net.minecraft.creativetab.CreativeTabs
        net.minecraft.item.Item
        net.minecraft.item.ItemBlock
End  Processing: com/Eternal_plasma/BlueBricks/blocks/BlockBase.java

Start Processing: com/Eternal_plasma/BlueBricks/blocks/Warped_ore.java
FOUND CONSTR method com/Eternal_plasma/BlueBricks/blocks/Warped_ore/Warped_ore (Ljava/lang/String;Lnet/minecraft/block/material/Material;)V com/Eternal_plasma/BlueBricks/blocks/Warped_ore
Rename method net/minecraft/block/Block/setSoundType (Lnet/minecraft/block/SoundType;)Lnet/minecraft/block/Block;[430,442]::setSoundType->func_149672_a
Rename field net/minecraft/block/SoundType/STONE[454,459]::STONE->field_185851_d
Rename method net/minecraft/block/Block/setHardness (F)Lnet/minecraft/block/Block;[473,484]::setHardness->func_149711_c
Rename method net/minecraft/block/Block/setResistance (F)Lnet/minecraft/block/Block;[496,509]::setResistance->func_149752_b
Rename method net/minecraft/block/Block/setLightLevel (F)Lnet/minecraft/block/Block;[554,567]::setLightLevel->func_149715_a
Rename method net/minecraft/block/Block/getItemDropped (Lnet/minecraft/block/state/IBlockState;Ljava/util/Random;I)Lnet/minecraft/item/Item;[613,627]::getItemDropped->func_180660_a
Rename method net/minecraft/block/Block/quantityDropped (Ljava/util/Random;)I[754,769]::quantityDropped->func_149745_a
Import: java.util.Random
Adding 5 imports
        com.Eternal_plasma.BlueBricks.init.ModItems
        net.minecraft.block.SoundType
        net.minecraft.block.material.Material
        net.minecraft.block.state.IBlockState
        net.minecraft.item.Item
End  Processing: com/Eternal_plasma/BlueBricks/blocks/Warped_ore.java

Start Processing: com/Eternal_plasma/BlueBricks/blocks/warped_brick_block.java
FOUND CONSTR method com/Eternal_plasma/BlueBricks/blocks/warped_brick_block/warped_brick_block (Ljava/lang/String;Lnet/minecraft/block/material/Material;)V com/Eternal_plasma/BlueBricks/blocks/warped_brick_block
Rename method net/minecraft/block/Block/setSoundType (Lnet/minecraft/block/SoundType;)Lnet/minecraft/block/Block;[285,297]::setSoundType->func_149672_a
Rename field net/minecraft/block/SoundType/STONE[309,314]::STONE->field_185851_d
Rename method net/minecraft/block/Block/setHardness (F)Lnet/minecraft/block/Block;[329,340]::setHardness->func_149711_c
Rename method net/minecraft/block/Block/setResistance (F)Lnet/minecraft/block/Block;[353,366]::setResistance->func_149752_b
Rename method net/minecraft/block/Block/setLightLevel (F)Lnet/minecraft/block/Block;[413,426]::setLightLevel->func_149715_a
Import: net.minecraft.block.SoundType
Import: net.minecraft.block.material.Material
End  Processing: com/Eternal_plasma/BlueBricks/blocks/warped_brick_block.java

Start Processing: com/Eternal_plasma/BlueBricks/init/ModBlocks.java
Rename field net/minecraft/block/material/Material/ROCK[509,513]::ROCK->field_151576_e
Rename field net/minecraft/block/material/Material/ROCK[605,609]::ROCK->field_151576_e
Import: java.util.ArrayList
Import: java.util.List
Adding 4 imports
        com.Eternal_plasma.BlueBricks.blocks.Warped_ore
        com.Eternal_plasma.BlueBricks.blocks.warped_brick_block
        net.minecraft.block.Block
        net.minecraft.block.material.Material
End  Processing: com/Eternal_plasma/BlueBricks/init/ModBlocks.java

Start Processing: com/Eternal_plasma/BlueBricks/init/ModItems.java
Import: java.util.ArrayList
Import: java.util.List
Import: com.Eternal_plasma.BlueBricks.items.ItemBase
Import: net.minecraft.item.Item
End  Processing: com/Eternal_plasma/BlueBricks/init/ModItems.java

Start Processing: com/Eternal_plasma/BlueBricks/items/ItemBase.java
FOUND CONSTR method com/Eternal_plasma/BlueBricks/items/ItemBase/ItemBase (Ljava/lang/String;)V com/Eternal_plasma/BlueBricks/items/ItemBase
Rename method net/minecraft/item/Item/setUnlocalizedName (Ljava/lang/String;)Lnet/minecraft/item/Item;[382,400]::setUnlocalizedName->func_77655_b
Rename method net/minecraft/item/Item/setCreativeTab (Lnet/minecraft/creativetab/CreativeTabs;)Lnet/minecraft/item/Item;[431,445]::setCreativeTab->func_77637_a
Rename field net/minecraft/creativetab/CreativeTabs/MATERIALS[457,466]::MATERIALS->field_78035_l
Import: com.Eternal_plasma.BlueBricks.Main
Import: com.Eternal_plasma.BlueBricks.init.ModItems
Import: com.Eternal_plasma.BlueBricks.util.IHasModel
Adding 2 imports
        net.minecraft.creativetab.CreativeTabs
        net.minecraft.item.Item
End  Processing: com/Eternal_plasma/BlueBricks/items/ItemBase.java

Start Processing: com/Eternal_plasma/BlueBricks/proxy/ClientProxy.java
Import: net.minecraft.client.renderer.block.model.ModelResourceLocation
Import: net.minecraft.item.Item
Import: net.minecraftforge.client.model.ModelLoader
End  Processing: com/Eternal_plasma/BlueBricks/proxy/ClientProxy.java

Start Processing: com/Eternal_plasma/BlueBricks/proxy/CommonProxy.java
Import: net.minecraft.item.Item
End  Processing: com/Eternal_plasma/BlueBricks/proxy/CommonProxy.java

Start Processing: com/Eternal_plasma/BlueBricks/util/IHasModel.java
End  Processing: com/Eternal_plasma/BlueBricks/util/IHasModel.java

Start Processing: com/Eternal_plasma/BlueBricks/util/Refrence.java
End  Processing: com/Eternal_plasma/BlueBricks/util/Refrence.java

Start Processing: com/Eternal_plasma/BlueBricks/util/handlers/RegistryHandler.java
New Key: class net/minecraftforge/event/RegistryEvent
New Key: class net/minecraftforge/event/RegistryEvent
Import: com.Eternal_plasma.BlueBricks.init.ModBlocks
Import: com.Eternal_plasma.BlueBricks.init.ModItems
Import: com.Eternal_plasma.BlueBricks.util.IHasModel
Adding 6 imports
        net.minecraft.block.Block
        net.minecraft.item.Item
        net.minecraftforge.client.event.ModelRegistryEvent
        net.minecraftforge.event.RegistryEvent
        net.minecraftforge.fml.common.Mod.EventBusSubscriber
        net.minecraftforge.fml.common.eventhandler.SubscribeEvent
End  Processing: com/Eternal_plasma/BlueBricks/util/handlers/RegistryHandler.java

Start Processing: com/Eternal_plasma/BlueBricks/world/ModWorldGen.java
Rename field net/minecraft/world/World/provider[787,795]::provider->field_73011_w
Rename method net/minecraft/block/Block/getDefaultState ()Lnet/minecraft/block/state/IBlockState;[1122,1137]::getDefaultState->func_176223_P
Rename method net/minecraft/block/state/pattern/BlockMatcher/forBlock (Lnet/minecraft/block/Block;)Lnet/minecraft/block/state/pattern/BlockMatcher;[1625,1633]::forBlock->func_177642_a
Rename field net/minecraft/init/Blocks/NETHERRACK[1646,1656]::NETHERRACK->field_150424_aL
Rename method net/minecraft/world/gen/feature/WorldGenerator/generate (Lnet/minecraft/world/World;Ljava/util/Random;Lnet/minecraft/util/math/BlockPos;)Z[1680,1688]::generate->func_180709_b
Import: java.util.Random
Adding 10 imports
        com.Eternal_plasma.BlueBricks.init.ModBlocks
        net.minecraft.block.state.IBlockState
        net.minecraft.block.state.pattern.BlockMatcher
        net.minecraft.init.Blocks
        net.minecraft.util.math.BlockPos
        net.minecraft.world.World
        net.minecraft.world.chunk.IChunkProvider
        net.minecraft.world.gen.IChunkGenerator
        net.minecraft.world.gen.feature.WorldGenMinable
        net.minecraftforge.fml.common.IWorldGenerator
End  Processing: com/Eternal_plasma/BlueBricks/world/ModWorldGen.java

